Release 14.2 - xst P.28xd (nt64)
Copyright (c) 1995-2012 Xilinx, Inc.  All rights reserved.
--> Parameter TMPDIR set to xst/projnav.tmp


Total REAL time to Xst completion: 0.00 secs
Total CPU time to Xst completion: 0.09 secs
 
--> Parameter xsthdpdir set to xst


Total REAL time to Xst completion: 0.00 secs
Total CPU time to Xst completion: 0.09 secs
 
--> Reading design: counting_no_1.prj

TABLE OF CONTENTS
  1) Synthesis Options Summary
  2) HDL Parsing
  3) HDL Elaboration
  4) HDL Synthesis
       4.1) HDL Synthesis Report
  5) Advanced HDL Synthesis
       5.1) Advanced HDL Synthesis Report
  6) Low Level Synthesis
  7) Partition Report
  8) Design Summary
       8.1) Primitive and Black Box Usage
       8.2) Device utilization summary
       8.3) Partition Resource Summary
       8.4) Timing Report
            8.4.1) Clock Information
            8.4.2) Asynchronous Control Signals Information
            8.4.3) Timing Summary
            8.4.4) Timing Details
            8.4.5) Cross Clock Domains Report


=========================================================================
*                      Synthesis Options Summary                        *
=========================================================================
---- Source Parameters
Input File Name                    : "counting_no_1.prj"
Ignore Synthesis Constraint File   : NO

---- Target Parameters
Output File Name                   : "counting_no_1"
Output Format                      : NGC
Target Device                      : xc7a100t-3-csg324

---- Source Options
Top Module Name                    : counting_no_1
Automatic FSM Extraction           : YES
FSM Encoding Algorithm             : Auto
Safe Implementation                : No
FSM Style                          : LUT
RAM Extraction                     : Yes
RAM Style                          : Auto
ROM Extraction                     : Yes
Shift Register Extraction          : YES
ROM Style                          : Auto
Resource Sharing                   : YES
Asynchronous To Synchronous        : NO
Shift Register Minimum Size        : 2
Use DSP Block                      : Auto
Automatic Register Balancing       : No

---- Target Options
LUT Combining                      : Auto
Reduce Control Sets                : Auto
Add IO Buffers                     : YES
Global Maximum Fanout              : 100000
Add Generic Clock Buffer(BUFG)     : 32
Register Duplication               : YES
Optimize Instantiated Primitives   : NO
Use Clock Enable                   : Auto
Use Synchronous Set                : Auto
Use Synchronous Reset              : Auto
Pack IO Registers into IOBs        : Auto
Equivalent register Removal        : YES

---- General Options
Optimization Goal                  : Speed
Optimization Effort                : 1
Power Reduction                    : NO
Keep Hierarchy                     : No
Netlist Hierarchy                  : As_Optimized
RTL Output                         : Yes
Global Optimization                : AllClockNets
Read Cores                         : YES
Write Timing Constraints           : NO
Cross Clock Analysis               : NO
Hierarchy Separator                : /
Bus Delimiter                      : <>
Case Specifier                     : Maintain
Slice Utilization Ratio            : 100
BRAM Utilization Ratio             : 100
DSP48 Utilization Ratio            : 100
Auto BRAM Packing                  : NO
Slice Utilization Ratio Delta      : 5

=========================================================================


=========================================================================
*                          HDL Parsing                                  *
=========================================================================
Analyzing Verilog file "C:\.Xilinx\couting_no_1\counting_no_1.v" into library work
Parsing module <counting_no_1>.

=========================================================================
*                            HDL Elaboration                            *
=========================================================================

Elaborating module <counting_no_1>.
WARNING:HDLCompiler:91 - "C:\.Xilinx\couting_no_1\counting_no_1.v" Line 35: Signal <count> missing in the sensitivity list is added for synthesis purposes. HDL and post-synthesis simulations may differ as a result.
WARNING:HDLCompiler:413 - "C:\.Xilinx\couting_no_1\counting_no_1.v" Line 35: Result of 5-bit expression is truncated to fit in 4-bit target.

=========================================================================
*                           HDL Synthesis                               *
=========================================================================

Synthesizing Unit <counting_no_1>.
    Related source file is "C:\.Xilinx\couting_no_1\counting_no_1.v".
WARNING:Xst:647 - Input <clk> is never used. This port will be preserved and left unconnected if it belongs to a top-level block or it belongs to a sub-block and the hierarchy of this sub-block is preserved.
    Found 4-bit adder for signal <count[3]_GND_1_o_add_0_OUT> created at line 35.
WARNING:Xst:737 - Found 1-bit latch for signal <count<2>>. Latches may be generated from incomplete case or if statements. We do not recommend the use of latches in FPGA/CPLD designs, as they may lead to timing problems.
WARNING:Xst:737 - Found 1-bit latch for signal <count<1>>. Latches may be generated from incomplete case or if statements. We do not recommend the use of latches in FPGA/CPLD designs, as they may lead to timing problems.
WARNING:Xst:737 - Found 1-bit latch for signal <count<0>>. Latches may be generated from incomplete case or if statements. We do not recommend the use of latches in FPGA/CPLD designs, as they may lead to timing problems.
WARNING:Xst:737 - Found 1-bit latch for signal <count<3>>. Latches may be generated from incomplete case or if statements. We do not recommend the use of latches in FPGA/CPLD designs, as they may lead to timing problems.
    Summary:
	inferred   1 Adder/Subtractor(s).
	inferred   4 Latch(s).
Unit <counting_no_1> synthesized.

=========================================================================
HDL Synthesis Report

Macro Statistics
# Adders/Subtractors                                   : 1
 4-bit adder                                           : 1
# Latches                                              : 4
 1-bit latch                                           : 4

=========================================================================

=========================================================================
*                       Advanced HDL Synthesis                          *
=========================================================================


=========================================================================
Advanced HDL Synthesis Report

Macro Statistics
# Adders/Subtractors                                   : 1
 4-bit adder                                           : 1

=========================================================================

=========================================================================
*                         Low Level Synthesis                           *
=========================================================================

Optimizing unit <counting_no_1> ...

Mapping all equations...
Building and optimizing final netlist ...
Found area constraint ratio of 100 (+ 5) on block counting_no_1, actual ratio is 0.

Final Macro Processing ...

=========================================================================
Final Register Report

Found no macro
=========================================================================

=========================================================================
*                           Partition Report                            *
=========================================================================

Partition Implementation Status
-------------------------------

  No Partitions were found in this design.

-------------------------------

=========================================================================
*                            Design Summary                             *
=========================================================================

Top Level Output File Name         : counting_no_1.ngc

Primitive and Black Box Usage:
------------------------------
# BELS                             : 4
#      INV                         : 1
#      LUT2                        : 1
#      LUT3                        : 1
#      LUT4                        : 1
# FlipFlops/Latches                : 4
#      LD                          : 4
# Clock Buffers                    : 1
#      BUFG                        : 1
# IO Buffers                       : 6
#      IBUF                        : 1
#      OBUF                        : 5

Device utilization summary:
---------------------------

Selected Device : 7a100tcsg324-3 


Slice Logic Utilization: 
 Number of Slice Registers:               4  out of  126800     0%  
 Number of Slice LUTs:                    4  out of  63400     0%  
    Number used as Logic:                 4  out of  63400     0%  

Slice Logic Distribution: 
 Number of LUT Flip Flop pairs used:      8
   Number with an unused Flip Flop:       4  out of      8    50%  
   Number with an unused LUT:             4  out of      8    50%  
   Number of fully used LUT-FF pairs:     0  out of      8     0%  
   Number of unique control sets:         1

IO Utilization: 
 Number of IOs:                           7
 Number of bonded IOBs:                   6  out of    210     2%  

Specific Feature Utilization:
 Number of BUFG/BUFGCTRLs:                1  out of     32     3%  

---------------------------
Partition Resource Summary:
---------------------------

  No Partitions were found in this design.

---------------------------


=========================================================================
Timing Report

NOTE: THESE TIMING NUMBERS ARE ONLY A SYNTHESIS ESTIMATE.
      FOR ACCURATE TIMING INFORMATION PLEASE REFER TO THE TRACE REPORT
      GENERATED AFTER PLACE-and-ROUTE.

Clock Information:
------------------
-----------------------------------+------------------------+-------+
Clock Signal                       | Clock buffer(FF name)  | Load  |
-----------------------------------+------------------------+-------+
i                                  | IBUF+BUFG              | 4     |
-----------------------------------+------------------------+-------+

Asynchronous Control Signals Information:
----------------------------------------
No asynchronous control signals found in this design

Timing Summary:
---------------
Speed Grade: -3

   Minimum period: 1.162ns (Maximum Frequency: 860.215MHz)
   Minimum input arrival time before clock: No path found
   Maximum output required time after clock: 0.770ns
   Maximum combinational path delay: 0.280ns

Timing Details:
---------------
All values displayed in nanoseconds (ns)

=========================================================================
Timing constraint: Default period analysis for Clock 'i'
  Clock period: 1.162ns (frequency: 860.215MHz)
  Total number of paths / destination ports: 10 / 4
-------------------------------------------------------------------------
Delay:               1.162ns (Levels of Logic = 1)
  Source:            count_0 (LATCH)
  Destination:       count_0 (LATCH)
  Source Clock:      i falling
  Destination Clock: i falling

  Data Path: count_0 to count_0
                                Gate     Net
    Cell:in->out      fanout   Delay   Delay  Logical Name (Net Name)
    ----------------------------------------  ------------
     LD:G->Q               5   0.472   0.298  count_0 (count_0)
     INV:I->O              1   0.113   0.279  Madd_count[3]_GND_1_o_add_0_OUT_xor<0>11_INV_0 (count[3]_GND_1_o_add_0_OUT<0>)
     LD:D                     -0.028          count_0
    ----------------------------------------
    Total                      1.162ns (0.585ns logic, 0.577ns route)
                                       (50.3% logic, 49.7% route)

=========================================================================
Timing constraint: Default OFFSET OUT AFTER for Clock 'i'
  Total number of paths / destination ports: 4 / 4
-------------------------------------------------------------------------
Offset:              0.770ns (Levels of Logic = 1)
  Source:            count_0 (LATCH)
  Destination:       count<0> (PAD)
  Source Clock:      i falling

  Data Path: count_0 to count<0>
                                Gate     Net
    Cell:in->out      fanout   Delay   Delay  Logical Name (Net Name)
    ----------------------------------------  ------------
     LD:G->Q               5   0.472   0.298  count_0 (count_0)
     OBUF:I->O                 0.000          count_0_OBUF (count<0>)
    ----------------------------------------
    Total                      0.770ns (0.472ns logic, 0.298ns route)
                                       (61.3% logic, 38.7% route)

=========================================================================
Timing constraint: Default path analysis
  Total number of paths / destination ports: 1 / 1
-------------------------------------------------------------------------
Delay:               0.280ns (Levels of Logic = 2)
  Source:            i (PAD)
  Destination:       a (PAD)

  Data Path: i to a
                                Gate     Net
    Cell:in->out      fanout   Delay   Delay  Logical Name (Net Name)
    ----------------------------------------  ------------
     IBUF:I->O             1   0.001   0.279  i_IBUF (a_OBUF)
     OBUF:I->O                 0.000          a_OBUF (a)
    ----------------------------------------
    Total                      0.280ns (0.001ns logic, 0.279ns route)
                                       (0.4% logic, 99.6% route)

=========================================================================

Cross Clock Domains Report:
--------------------------

Clock to Setup on destination clock i
---------------+---------+---------+---------+---------+
               | Src:Rise| Src:Fall| Src:Rise| Src:Fall|
Source Clock   |Dest:Rise|Dest:Rise|Dest:Fall|Dest:Fall|
---------------+---------+---------+---------+---------+
i              |         |         |    1.162|         |
---------------+---------+---------+---------+---------+

=========================================================================


Total REAL time to Xst completion: 10.00 secs
Total CPU time to Xst completion: 10.01 secs
 
--> 

Total memory usage is 442936 kilobytes

Number of errors   :    0 (   0 filtered)
Number of warnings :    7 (   0 filtered)
Number of infos    :    0 (   0 filtered)

