Release 14.2 Map P.28xd (nt64)
Xilinx Mapping Report File for Design 'button_binary'

Design Information
------------------
Command Line   : map -intstyle ise -p xa7a100t-csg324-2I -w -logic_opt off -ol
high -t 1 -xt 0 -register_duplication off -r 4 -mt off -ir off -pr off -lc off
-power off -o button_binary_map.ncd button_binary.ngd button_binary.pcf 
Target Device  : xa7a100t
Target Package : csg324
Target Speed   : -2i
Mapper Version : aartix7 -- $Revision: 1.55 $
Mapped Date    : Tue Dec 20 16:17:13 2016

Design Summary
--------------
Number of errors   :   5
Number of warnings :   1

Section 1 - Errors
------------------
ERROR:MapLib:30 - LOC constraint A7 on button is invalid: No such site on the
   device. To bypass this error set the environment variable 'XIL_MAP_LOCWARN'.
ERROR:MapLib:30 - LOC constraint M5 on led is invalid: No such site on the
   device. To bypass this error set the environment variable 'XIL_MAP_LOCWARN'.
ERROR:MapLib:30 - LOC constraint M11 on led2 is invalid: No such site on the
   device. To bypass this error set the environment variable 'XIL_MAP_LOCWARN'.
ERROR:MapLib:30 - LOC constraint P7 on led3 is invalid: No such site on the
   device. To bypass this error set the environment variable 'XIL_MAP_LOCWARN'.
ERROR:MapLib:30 - LOC constraint P6 on led4 is invalid: No such site on the
   device. To bypass this error set the environment variable 'XIL_MAP_LOCWARN'.

Section 2 - Warnings
--------------------
WARNING:LIT:701 - PAD symbol "button" has an undefined IOSTANDARD.

Section 3 - Informational
-------------------------
INFO:LIT:243 - Logical network clock_IBUF has no load.

Section 4 - Removed Logic Summary
---------------------------------

Section 5 - Removed Logic
-------------------------
