ISim log file
Running: C:\Users\Kirti Karan\Documents\verilog\mux_wtb\mux_tb_isim_beh.exe -intstyle ise -gui -tclbatch isim.cmd -wdb C:/Users/Kirti Karan/Documents/verilog/mux_wtb/mux_tb_isim_beh.wdb 
ISim P.28xd (signature 0xa0883be4)
This is a Full version of ISim.
Time resolution is 1 ps
# onerror resume
# wave add /
# run 1000 ns
Simulator is doing circuit initialization process.
Finished circuit initialization process.
The values are: in= 1111
The values are: out= 0
The values are: select= 00
The values are: in= 1111
The values are: out= 0
The values are: select= 10
The values are: in= 1111
The values are: out= 1
The values are: select= 01
The values are: in= 1111
The values are: out= 1
The values are: select= 11
