ISim log file
Running: C:\Users\Kirti Karan\Documents\verilog\multi\multi_isim_beh.exe -intstyle ise -gui -tclbatch isim.cmd -wdb C:/Users/Kirti Karan/Documents/verilog/multi/multi_isim_beh.wdb 
ISim P.28xd (signature 0xa0883be4)
This is a Full version of ISim.
Time resolution is 1 ps
# onerror resume
# wave add /
# run 1000 ns
Simulator is doing circuit initialization process.
Finished circuit initialization process.
# isim force add /multi/d 1 -radix bin
# isim force add /multi/d 1 -radix bin
# isim force add /multi/d 0 -radix bin -value 1 -radix bin -time 5 ps -repeat 10 ps
# isim force add /multi/d 0 -radix bin -value 1 -radix bin -time 5 ps -repeat 10 ps
# isim force add /multi/rst 1 -radix bin
# isim force add /multi/rst 1 -radix bin
# isim force add /multi/clk 0 -radix bin -value 1 -radix bin -time 5 ps -repeat 10 ps
# isim force add /multi/clk 0 -radix bin -value 1 -radix bin -time 5 ps -repeat 10 ps
# run 1.00us
# isim force add /multi/d 0 -radix bin
# isim force add /multi/d 0 -radix bin
# run 1.00us
