Running: C:\Xilinx\14.4\ISE_DS\ISE\bin\nt64\unwrapped\fuse.exe -intstyle ise -incremental -lib unisims_ver -lib unimacro_ver -lib xilinxcorelib_ver -o E:/i2c_project_net/i2c_project/testHarness_isim_beh.exe -prj E:/i2c_project_net/i2c_project/testHarness_beh.prj work.testHarness work.glbl 
ISim P.49d (signature 0x7708f090)
Number of CPUs detected in this system: 4
Turning on mult-threading, number of parallel sub-compilation jobs: 8 
Determining compilation order of HDL files
Analyzing Verilog file "E:/i2c_project_net/i2c_project/i2c_master_bit_ctrl.v" into library work
Analyzing Verilog file "E:/i2c_project_net/i2c_project/serialInterface.v" into library work
Analyzing Verilog file "E:/i2c_project_net/i2c_project/registerInterface.v" into library work
Analyzing Verilog file "E:/i2c_project_net/i2c_project/i2c_master_byte_ctrl.v" into library work
Analyzing Verilog file "E:/i2c_project_net/i2c_project/wb_master_model.v" into library work
Analyzing Verilog file "E:/i2c_project_net/i2c_project/i2c_master_top.v" into library work
Analyzing Verilog file "E:/i2c_project_net/i2c_project/i2cSlave.v" into library work
Analyzing Verilog file "E:/i2c_project_net/i2c_project/testHarness.v" into library work
Analyzing Verilog file "C:/Xilinx/14.4/ISE_DS/ISE//verilog/src/glbl.v" into library work
Starting static elaboration
Completed static elaboration
Compiling module registerInterface
Compiling module serialInterface
Compiling module i2cSlave
Compiling module i2c_master_bit_ctrl
Compiling module i2c_master_byte_ctrl
Compiling module i2c_master_top(ARST_LVL=1'b1)
Compiling module wb_master_model(dwidth=8,awidth=...
Compiling module testHarness
Compiling module glbl
Time Resolution for simulation is 1ps.
Waiting for 1 sub-compilation(s) to finish...
WARNING:Simulator - Unable to copy libPortabilityNOSH.dll to the simulation executable directory: boost::filesystem::copy_file: The system cannot find the path specified, "isim\testHarness_isim_beh.exe.sim\libPortability.dll".
Compiled 9 Verilog Units
Built simulation executable E:/i2c_project_net/i2c_project/testHarness_isim_beh.exe
Fuse Memory Usage: 29068 KB
Fuse CPU Usage: 687 ms
