ISim log file
Running: C:\.Xilinx\RAM\RAM_isim_beh.exe -intstyle ise -gui -tclbatch isim.cmd -wdb C:/.Xilinx/RAM/RAM_isim_beh.wdb 
ISim P.28xd (signature 0xa0883be4)
This is a Full version of ISim.
Time resolution is 1 ps
# onerror resume
# wave add /
# run 1000 ns
Simulator is doing circuit initialization process.
Finished circuit initialization process.
# isim force add /RAM/cs 1 -radix bin
# isim force add /RAM/clk 1 -radix bin -value 0 -radix bin -time 25 ps -repeat 50 ps
# isim force add /RAM/rd 0 -radix bin
# isim force add /RAM/wr 1 -radix bin
# isim force add /RAM/addr 0000000000 -radix bin
# isim force add /RAM/data 11111111 -radix bin
# run 1.00us
# isim force add /RAM/cs 0 -radix bin
# isim force add /RAM/rd 1 -radix bin
# isim force add /RAM/wr 0 -radix bin
# run 1.00us
