ISim log file
Running: C:\.Xilinx\repeat_statement\repeat_statement_isim_beh.exe -intstyle ise -gui -tclbatch isim.cmd -wdb C:/.Xilinx/repeat_statement/repeat_statement_isim_beh.wdb 
ISim P.28xd (signature 0xa0883be4)
This is a Full version of ISim.
Time resolution is 1 ps
# onerror resume
# wave add /
# run 1000 ns
Simulator is doing circuit initialization process.
Finished circuit initialization process.
# isim force add /repeat_statement/en 1 -radix bin
# run 1.00us
                1000i=00000000000000000000000000000001
                1000i=00000000000000000000000000000001
                1000i=00000000000000000000000000000001
                1000i=00000000000000000000000000000001
                1000i=00000000000000000000000000000001
                1000i=00000000000000000000000000000001
                1000i=00000000000000000000000000000001
                1000i=00000000000000000000000000000001
# run 1.00us
# run 1.00us
# run 1.00us
# run 1.00us
# run 1.00us
# run 1.00us
# isim force add /repeat_statement/en 0 -radix bin
# run 1.00us
                8000i=00000000000000000000000000000001
                8000i=00000000000000000000000000000001
                8000i=00000000000000000000000000000001
                8000i=00000000000000000000000000000001
                8000i=00000000000000000000000000000001
                8000i=00000000000000000000000000000001
                8000i=00000000000000000000000000000001
                8000i=00000000000000000000000000000001
