--------------------------------------------------------------------------------
Release 14.2 Trace  (nt64)
Copyright (c) 1995-2012 Xilinx, Inc.  All rights reserved.

C:\Xilinx\14.2\ISE_DS\ISE\bin\nt64\unwrapped\trce.exe -intstyle ise -v 3 -s 3
-n 3 -fastpaths -xml decoder.twx decoder.ncd -o decoder.twr decoder.pcf

Design file:              decoder.ncd
Physical constraint file: decoder.pcf
Device,package,speed:     xc7a100t,csg324,C,-3 (ADVANCED 1.04 2012-07-09)
Report level:             verbose report

Environment Variable      Effect 
--------------------      ------ 
NONE                      No environment variables were set
--------------------------------------------------------------------------------

INFO:Timing:2698 - No timing constraints found, doing default enumeration.
INFO:Timing:3412 - To improve timing, see the Timing Closure User Guide (UG612).
INFO:Timing:2752 - To get complete path coverage, use the unconstrained paths 
   option. All paths that are not constrained will be reported in the 
   unconstrained paths section(s) of the report.
INFO:Timing:3339 - The clock-to-out numbers in this timing report are based on 
   a 50 Ohm transmission line loading model.  For the details of this model, 
   and for more information on accounting for different loading conditions, 
   please see the device datasheet.



Data Sheet report:
-----------------
All values displayed in nanoseconds (ns)

Pad to Pad
---------------+---------------+---------+
Source Pad     |Destination Pad|  Delay  |
---------------+---------------+---------+
a              |i0             |    5.338|
a              |i1             |    6.366|
a              |i2             |    6.552|
a              |i3             |    6.204|
b              |i1             |    6.138|
b              |i2             |    6.395|
b              |i3             |    5.982|
---------------+---------------+---------+


Analysis completed Tue Mar 29 19:52:02 2016 
--------------------------------------------------------------------------------

Trace Settings:
-------------------------
Trace Settings 

Peak Memory Usage: 608 MB



