Release 14.2 - xst P.28xd (nt64)
Copyright (c) 1995-2012 Xilinx, Inc.  All rights reserved.
--> Parameter TMPDIR set to xst/projnav.tmp


Total REAL time to Xst completion: 0.00 secs
Total CPU time to Xst completion: 0.26 secs
 
--> Parameter xsthdpdir set to xst


Total REAL time to Xst completion: 0.00 secs
Total CPU time to Xst completion: 0.27 secs
 
--> Reading design: twodigit_onefile.prj

TABLE OF CONTENTS
  1) Synthesis Options Summary
  2) HDL Compilation
  3) Design Hierarchy Analysis
  4) HDL Analysis
  5) HDL Synthesis
     5.1) HDL Synthesis Report
  6) Advanced HDL Synthesis
     6.1) Advanced HDL Synthesis Report
  7) Low Level Synthesis
  8) Partition Report
  9) Final Report
	9.1) Device utilization summary
	9.2) Partition Resource Summary
	9.3) TIMING REPORT


=========================================================================
*                      Synthesis Options Summary                        *
=========================================================================
---- Source Parameters
Input File Name                    : "twodigit_onefile.prj"
Input Format                       : mixed
Ignore Synthesis Constraint File   : NO

---- Target Parameters
Output File Name                   : "twodigit_onefile"
Output Format                      : NGC
Target Device                      : xc3s100e-4-cp132

---- Source Options
Top Module Name                    : twodigit_onefile
Automatic FSM Extraction           : YES
FSM Encoding Algorithm             : Auto
Safe Implementation                : No
FSM Style                          : LUT
RAM Extraction                     : Yes
RAM Style                          : Auto
ROM Extraction                     : Yes
Mux Style                          : Auto
Decoder Extraction                 : YES
Priority Encoder Extraction        : Yes
Shift Register Extraction          : YES
Logical Shifter Extraction         : YES
XOR Collapsing                     : YES
ROM Style                          : Auto
Mux Extraction                     : Yes
Resource Sharing                   : YES
Asynchronous To Synchronous        : NO
Multiplier Style                   : Auto
Automatic Register Balancing       : No

---- Target Options
Add IO Buffers                     : YES
Global Maximum Fanout              : 500
Add Generic Clock Buffer(BUFG)     : 24
Register Duplication               : YES
Slice Packing                      : YES
Optimize Instantiated Primitives   : NO
Use Clock Enable                   : Yes
Use Synchronous Set                : Yes
Use Synchronous Reset              : Yes
Pack IO Registers into IOBs        : Auto
Equivalent register Removal        : YES

---- General Options
Optimization Goal                  : Speed
Optimization Effort                : 1
Keep Hierarchy                     : No
Netlist Hierarchy                  : As_Optimized
RTL Output                         : Yes
Global Optimization                : AllClockNets
Read Cores                         : YES
Write Timing Constraints           : NO
Cross Clock Analysis               : NO
Hierarchy Separator                : /
Bus Delimiter                      : <>
Case Specifier                     : Maintain
Slice Utilization Ratio            : 100
BRAM Utilization Ratio             : 100
Verilog 2001                       : YES
Auto BRAM Packing                  : NO
Slice Utilization Ratio Delta      : 5

=========================================================================


=========================================================================
*                          HDL Compilation                              *
=========================================================================
Compiling verilog file "twodigit_onefile.v" in library work
Module <twodigit_onefile> compiled
No errors in compilation
Analysis of file <"twodigit_onefile.prj"> succeeded.
 

=========================================================================
*                     Design Hierarchy Analysis                         *
=========================================================================
Analyzing hierarchy for module <twodigit_onefile> in library <work> with parameters.
	N = "00000000000000000000000000010010"


=========================================================================
*                            HDL Analysis                               *
=========================================================================
Analyzing top module <twodigit_onefile>.
	N = 32'sb00000000000000000000000000010010
WARNING:Xst:2725 - "twodigit_onefile.v" line 121: Size mismatch between case item and case selector.
WARNING:Xst:2725 - "twodigit_onefile.v" line 122: Size mismatch between case item and case selector.
WARNING:Xst:2725 - "twodigit_onefile.v" line 123: Size mismatch between case item and case selector.
WARNING:Xst:2725 - "twodigit_onefile.v" line 124: Size mismatch between case item and case selector.
WARNING:Xst:2725 - "twodigit_onefile.v" line 125: Size mismatch between case item and case selector.
WARNING:Xst:2725 - "twodigit_onefile.v" line 126: Size mismatch between case item and case selector.
WARNING:Xst:2725 - "twodigit_onefile.v" line 127: Size mismatch between case item and case selector.
WARNING:Xst:2725 - "twodigit_onefile.v" line 128: Size mismatch between case item and case selector.
WARNING:Xst:2725 - "twodigit_onefile.v" line 129: Size mismatch between case item and case selector.
WARNING:Xst:2725 - "twodigit_onefile.v" line 130: Size mismatch between case item and case selector.
Module <twodigit_onefile> is correct for synthesis.
 

=========================================================================
*                           HDL Synthesis                               *
=========================================================================

Performing bidirectional port resolution...

Synthesizing Unit <twodigit_onefile>.
    Related source file is "twodigit_onefile.v".
    Found 16x7-bit ROM for signal <sseg_temp$mux0000>.
    Found 1-of-4 decoder for signal <an_temp>.
    Found 18-bit up counter for signal <count>.
    Found 23-bit up counter for signal <delay>.
    Found 4-bit up counter for signal <first>.
    Found 4-bit up counter for signal <second>.
    Found 7-bit 4-to-1 multiplexer for signal <sseg>.
    Summary:
	inferred   1 ROM(s).
	inferred   4 Counter(s).
	inferred   7 Multiplexer(s).
	inferred   1 Decoder(s).
Unit <twodigit_onefile> synthesized.


=========================================================================
HDL Synthesis Report

Macro Statistics
# ROMs                                                 : 1
 16x7-bit ROM                                          : 1
# Counters                                             : 4
 18-bit up counter                                     : 1
 23-bit up counter                                     : 1
 4-bit up counter                                      : 2
# Multiplexers                                         : 1
 7-bit 4-to-1 multiplexer                              : 1
# Decoders                                             : 1
 1-of-4 decoder                                        : 1

=========================================================================

=========================================================================
*                       Advanced HDL Synthesis                          *
=========================================================================


=========================================================================
Advanced HDL Synthesis Report

Macro Statistics
# ROMs                                                 : 1
 16x7-bit ROM                                          : 1
# Counters                                             : 4
 18-bit up counter                                     : 1
 23-bit up counter                                     : 1
 4-bit up counter                                      : 2
# Multiplexers                                         : 1
 7-bit 4-to-1 multiplexer                              : 1
# Decoders                                             : 1
 1-of-4 decoder                                        : 1

=========================================================================

=========================================================================
*                         Low Level Synthesis                           *
=========================================================================
INFO:Xst:2146 - In block <twodigit_onefile>, Counter <delay> <count> are equivalent, XST will keep only <delay>.

Optimizing unit <twodigit_onefile> ...

Mapping all equations...
Building and optimizing final netlist ...
Found area constraint ratio of 100 (+ 5) on block twodigit_onefile, actual ratio is 3.

Final Macro Processing ...

=========================================================================
Final Register Report

Macro Statistics
# Registers                                            : 31
 Flip-Flops                                            : 31

=========================================================================

=========================================================================
*                           Partition Report                            *
=========================================================================

Partition Implementation Status
-------------------------------

  No Partitions were found in this design.

-------------------------------

=========================================================================
*                            Final Report                               *
=========================================================================
Final Results
RTL Top Level Output File Name     : twodigit_onefile.ngr
Top Level Output File Name         : twodigit_onefile
Output Format                      : NGC
Optimization Goal                  : Speed
Keep Hierarchy                     : No

Design Statistics
# IOs                              : 14

Cell Usage :
# BELS                             : 106
#      GND                         : 1
#      INV                         : 3
#      LUT1                        : 22
#      LUT2                        : 4
#      LUT3                        : 3
#      LUT4                        : 21
#      MUXCY                       : 28
#      VCC                         : 1
#      XORCY                       : 23
# FlipFlops/Latches                : 31
#      FDC                         : 27
#      FDCE                        : 4
# Clock Buffers                    : 1
#      BUFGP                       : 1
# IO Buffers                       : 13
#      IBUF                        : 1
#      OBUF                        : 12
=========================================================================

Device utilization summary:
---------------------------

Selected Device : 3s100ecp132-4 

 Number of Slices:                       28  out of    960     2%  
 Number of Slice Flip Flops:             31  out of   1920     1%  
 Number of 4 input LUTs:                 53  out of   1920     2%  
 Number of IOs:                          14
 Number of bonded IOBs:                  14  out of     83    16%  
 Number of GCLKs:                         1  out of     24     4%  

---------------------------
Partition Resource Summary:
---------------------------

  No Partitions were found in this design.

---------------------------


=========================================================================
TIMING REPORT

NOTE: THESE TIMING NUMBERS ARE ONLY A SYNTHESIS ESTIMATE.
      FOR ACCURATE TIMING INFORMATION PLEASE REFER TO THE TRACE REPORT
      GENERATED AFTER PLACE-and-ROUTE.

Clock Information:
------------------
-----------------------------------+------------------------+-------+
Clock Signal                       | Clock buffer(FF name)  | Load  |
-----------------------------------+------------------------+-------+
test(test_wg_cy<5>:O)              | NONE(*)(second_0)      | 8     |
clock                              | BUFGP                  | 23    |
-----------------------------------+------------------------+-------+
(*) This 1 clock signal(s) are generated by combinatorial logic,
and XST is not able to identify which are the primary clock signals.
Please use the CLOCK_SIGNAL constraint to specify the clock signal(s) generated by combinatorial logic.
INFO:Xst:2169 - HDL ADVISOR - Some clock signals were not automatically buffered by XST with BUFG/BUFR resources. Please use the buffer_type constraint in order to insert these buffers to the clock signals to help prevent skew problems.

Asynchronous Control Signals Information:
----------------------------------------
-----------------------------------+------------------------+-------+
Control Signal                     | Buffer(FF name)        | Load  |
-----------------------------------+------------------------+-------+
reset                              | IBUF                   | 31    |
-----------------------------------+------------------------+-------+

Timing Summary:
---------------
Speed Grade: -4

   Minimum period: 4.673ns (Maximum Frequency: 213.995MHz)
   Minimum input arrival time before clock: No path found
   Maximum output required time after clock: 7.631ns
   Maximum combinational path delay: No path found

Timing Detail:
--------------
All values displayed in nanoseconds (ns)

=========================================================================
Timing constraint: Default period analysis for Clock 'test'
  Clock period: 3.281ns (frequency: 304.785MHz)
  Total number of paths / destination ports: 40 / 12
-------------------------------------------------------------------------
Delay:               3.281ns (Levels of Logic = 1)
  Source:            first_0 (FF)
  Destination:       second_0 (FF)
  Source Clock:      test rising
  Destination Clock: test rising

  Data Path: first_0 to second_0
                                Gate     Net
    Cell:in->out      fanout   Delay   Delay  Logical Name (Net Name)
    ----------------------------------------  ------------
     FDC:C->Q              6   0.591   0.844  first_0 (first_0)
     LUT4:I0->O            4   0.704   0.587  first_cmp_eq000011 (first_cmp_eq0000)
     FDCE:CE                   0.555          second_0
    ----------------------------------------
    Total                      3.281ns (1.850ns logic, 1.431ns route)
                                       (56.4% logic, 43.6% route)

=========================================================================
Timing constraint: Default period analysis for Clock 'clock'
  Clock period: 4.673ns (frequency: 213.995MHz)
  Total number of paths / destination ports: 276 / 23
-------------------------------------------------------------------------
Delay:               4.673ns (Levels of Logic = 23)
  Source:            delay_1 (FF)
  Destination:       delay_22 (FF)
  Source Clock:      clock rising
  Destination Clock: clock rising

  Data Path: delay_1 to delay_22
                                Gate     Net
    Cell:in->out      fanout   Delay   Delay  Logical Name (Net Name)
    ----------------------------------------  ------------
     FDC:C->Q              2   0.591   0.622  delay_1 (delay_1)
     LUT1:I0->O            1   0.704   0.000  Mcount_delay_cy<1>_rt (Mcount_delay_cy<1>_rt)
     MUXCY:S->O            1   0.464   0.000  Mcount_delay_cy<1> (Mcount_delay_cy<1>)
     MUXCY:CI->O           1   0.059   0.000  Mcount_delay_cy<2> (Mcount_delay_cy<2>)
     MUXCY:CI->O           1   0.059   0.000  Mcount_delay_cy<3> (Mcount_delay_cy<3>)
     MUXCY:CI->O           1   0.059   0.000  Mcount_delay_cy<4> (Mcount_delay_cy<4>)
     MUXCY:CI->O           1   0.059   0.000  Mcount_delay_cy<5> (Mcount_delay_cy<5>)
     MUXCY:CI->O           1   0.059   0.000  Mcount_delay_cy<6> (Mcount_delay_cy<6>)
     MUXCY:CI->O           1   0.059   0.000  Mcount_delay_cy<7> (Mcount_delay_cy<7>)
     MUXCY:CI->O           1   0.059   0.000  Mcount_delay_cy<8> (Mcount_delay_cy<8>)
     MUXCY:CI->O           1   0.059   0.000  Mcount_delay_cy<9> (Mcount_delay_cy<9>)
     MUXCY:CI->O           1   0.059   0.000  Mcount_delay_cy<10> (Mcount_delay_cy<10>)
     MUXCY:CI->O           1   0.059   0.000  Mcount_delay_cy<11> (Mcount_delay_cy<11>)
     MUXCY:CI->O           1   0.059   0.000  Mcount_delay_cy<12> (Mcount_delay_cy<12>)
     MUXCY:CI->O           1   0.059   0.000  Mcount_delay_cy<13> (Mcount_delay_cy<13>)
     MUXCY:CI->O           1   0.059   0.000  Mcount_delay_cy<14> (Mcount_delay_cy<14>)
     MUXCY:CI->O           1   0.059   0.000  Mcount_delay_cy<15> (Mcount_delay_cy<15>)
     MUXCY:CI->O           1   0.059   0.000  Mcount_delay_cy<16> (Mcount_delay_cy<16>)
     MUXCY:CI->O           1   0.059   0.000  Mcount_delay_cy<17> (Mcount_delay_cy<17>)
     MUXCY:CI->O           1   0.059   0.000  Mcount_delay_cy<18> (Mcount_delay_cy<18>)
     MUXCY:CI->O           1   0.059   0.000  Mcount_delay_cy<19> (Mcount_delay_cy<19>)
     MUXCY:CI->O           1   0.059   0.000  Mcount_delay_cy<20> (Mcount_delay_cy<20>)
     MUXCY:CI->O           0   0.059   0.000  Mcount_delay_cy<21> (Mcount_delay_cy<21>)
     XORCY:CI->O           1   0.804   0.000  Mcount_delay_xor<22> (Result<22>)
     FDC:D                     0.308          delay_22
    ----------------------------------------
    Total                      4.673ns (4.051ns logic, 0.622ns route)
                                       (86.7% logic, 13.3% route)

=========================================================================
Timing constraint: Default OFFSET OUT AFTER for Clock 'clock'
  Total number of paths / destination ports: 64 / 11
-------------------------------------------------------------------------
Offset:              7.631ns (Levels of Logic = 3)
  Source:            delay_16 (FF)
  Destination:       a (PAD)
  Source Clock:      clock rising

  Data Path: delay_16 to a
                                Gate     Net
    Cell:in->out      fanout   Delay   Delay  Logical Name (Net Name)
    ----------------------------------------  ------------
     FDC:C->Q             10   0.591   1.057  delay_16 (delay_16)
     LUT4:I0->O            7   0.704   0.883  Mmux_sseg81 (sseg<3>)
     LUT4:I0->O            1   0.704   0.420  Mrom_sseg_temp_mux000061 (g_OBUF)
     OBUF:I->O                 3.272          g_OBUF (g)
    ----------------------------------------
    Total                      7.631ns (5.271ns logic, 2.360ns route)
                                       (69.1% logic, 30.9% route)

=========================================================================
Timing constraint: Default OFFSET OUT AFTER for Clock 'test'
  Total number of paths / destination ports: 56 / 7
-------------------------------------------------------------------------
Offset:              7.322ns (Levels of Logic = 3)
  Source:            first_0 (FF)
  Destination:       a (PAD)
  Source Clock:      test rising

  Data Path: first_0 to a
                                Gate     Net
    Cell:in->out      fanout   Delay   Delay  Logical Name (Net Name)
    ----------------------------------------  ------------
     FDC:C->Q              6   0.591   0.748  first_0 (first_0)
     LUT4:I1->O            7   0.704   0.883  Mmux_sseg21 (sseg<0>)
     LUT4:I0->O            1   0.704   0.420  Mrom_sseg_temp_mux000011 (a_OBUF)
     OBUF:I->O                 3.272          a_OBUF (a)
    ----------------------------------------
    Total                      7.322ns (5.271ns logic, 2.051ns route)
                                       (72.0% logic, 28.0% route)

=========================================================================


Total REAL time to Xst completion: 7.00 secs
Total CPU time to Xst completion: 7.40 secs
 
--> 

Total memory usage is 257348 kilobytes

Number of errors   :    0 (   0 filtered)
Number of warnings :   10 (   0 filtered)
Number of infos    :    2 (   0 filtered)

