Running: C:\Xilinx\14.2\ISE_DS\ISE\bin\nt64\unwrapped\fuse.exe -intstyle ise -incremental -lib unisims_ver -lib unimacro_ver -lib xilinxcorelib_ver -o C:/Users/Kirti/Documents/verilog/generateShiftReg/test_isim_beh.exe -prj C:/Users/Kirti/Documents/verilog/generateShiftReg/test_beh.prj work.test work.glbl 
ISim P.28xd (signature 0xa0883be4)
Number of CPUs detected in this system: 4
Turning on mult-threading, number of parallel sub-compilation jobs: 8 
Determining compilation order of HDL files
Analyzing Verilog file "C:/Users/Kirti/Documents/verilog/generateShiftReg/shift.v" into library work
WARNING:HDLCompiler:248 - "C:/Users/Kirti/Documents/verilog/generateShiftReg/shift.v" Line 38: Block identifier is required on this block
Analyzing Verilog file "C:/Users/Kirti/Documents/verilog/generateShiftReg/test.v" into library work
Analyzing Verilog file "C:/Xilinx/14.2/ISE_DS/ISE//verilog/src/glbl.v" into library work
Starting static elaboration
Completed static elaboration
Compiling module dff
Compiling module shift(DEPTH=4)
Compiling module test
Compiling module glbl
Time Resolution for simulation is 1ps.
Compiled 4 Verilog Units
Built simulation executable C:/Users/Kirti/Documents/verilog/generateShiftReg/test_isim_beh.exe
Fuse Memory Usage: 28412 KB
Fuse CPU Usage: 514 ms
