Release 14.2 - xst P.28xd (nt64)
Copyright (c) 1995-2012 Xilinx, Inc.  All rights reserved.
--> Parameter TMPDIR set to xst/projnav.tmp


Total REAL time to Xst completion: 0.00 secs
Total CPU time to Xst completion: 0.09 secs
 
--> Parameter xsthdpdir set to xst


Total REAL time to Xst completion: 0.00 secs
Total CPU time to Xst completion: 0.09 secs
 
--> Reading design: decoder_case.prj

TABLE OF CONTENTS
  1) Synthesis Options Summary
  2) HDL Parsing
  3) HDL Elaboration
  4) HDL Synthesis
       4.1) HDL Synthesis Report
  5) Advanced HDL Synthesis
       5.1) Advanced HDL Synthesis Report
  6) Low Level Synthesis
  7) Partition Report
  8) Design Summary
       8.1) Primitive and Black Box Usage
       8.2) Device utilization summary
       8.3) Partition Resource Summary
       8.4) Timing Report
            8.4.1) Clock Information
            8.4.2) Asynchronous Control Signals Information
            8.4.3) Timing Summary
            8.4.4) Timing Details
            8.4.5) Cross Clock Domains Report


=========================================================================
*                      Synthesis Options Summary                        *
=========================================================================
---- Source Parameters
Input File Name                    : "decoder_case.prj"
Ignore Synthesis Constraint File   : NO

---- Target Parameters
Output File Name                   : "decoder_case"
Output Format                      : NGC
Target Device                      : xc7a100t-3-csg324

---- Source Options
Top Module Name                    : decoder_case
Automatic FSM Extraction           : YES
FSM Encoding Algorithm             : Auto
Safe Implementation                : No
FSM Style                          : LUT
RAM Extraction                     : Yes
RAM Style                          : Auto
ROM Extraction                     : Yes
Shift Register Extraction          : YES
ROM Style                          : Auto
Resource Sharing                   : YES
Asynchronous To Synchronous        : NO
Shift Register Minimum Size        : 2
Use DSP Block                      : Auto
Automatic Register Balancing       : No

---- Target Options
LUT Combining                      : Auto
Reduce Control Sets                : Auto
Add IO Buffers                     : YES
Global Maximum Fanout              : 100000
Add Generic Clock Buffer(BUFG)     : 32
Register Duplication               : YES
Optimize Instantiated Primitives   : NO
Use Clock Enable                   : Auto
Use Synchronous Set                : Auto
Use Synchronous Reset              : Auto
Pack IO Registers into IOBs        : Auto
Equivalent register Removal        : YES

---- General Options
Optimization Goal                  : Speed
Optimization Effort                : 1
Power Reduction                    : NO
Keep Hierarchy                     : No
Netlist Hierarchy                  : As_Optimized
RTL Output                         : Yes
Global Optimization                : AllClockNets
Read Cores                         : YES
Write Timing Constraints           : NO
Cross Clock Analysis               : NO
Hierarchy Separator                : /
Bus Delimiter                      : <>
Case Specifier                     : Maintain
Slice Utilization Ratio            : 100
BRAM Utilization Ratio             : 100
DSP48 Utilization Ratio            : 100
Auto BRAM Packing                  : NO
Slice Utilization Ratio Delta      : 5

=========================================================================


=========================================================================
*                          HDL Parsing                                  *
=========================================================================
Analyzing Verilog file "C:\.Xilinx\decoder_case\decoder_case.v" into library work
Parsing module <decoder_case>.

=========================================================================
*                            HDL Elaboration                            *
=========================================================================

Elaborating module <decoder_case>.
WARNING:HDLCompiler:91 - "C:\.Xilinx\decoder_case\decoder_case.v" Line 28: Signal <a> missing in the sensitivity list is added for synthesis purposes. HDL and post-synthesis simulations may differ as a result.
WARNING:HDLCompiler:295 - "C:\.Xilinx\decoder_case\decoder_case.v" Line 43: case condition never applies
WARNING:HDLCompiler:295 - "C:\.Xilinx\decoder_case\decoder_case.v" Line 50: case condition never applies

=========================================================================
*                           HDL Synthesis                               *
=========================================================================

Synthesizing Unit <decoder_case>.
    Related source file is "C:\.Xilinx\decoder_case\decoder_case.v".
WARNING:Xst:647 - Input <enable> is never used. This port will be preserved and left unconnected if it belongs to a top-level block or it belongs to a sub-block and the hierarchy of this sub-block is preserved.
WARNING:Xst:737 - Found 1-bit latch for signal <i<2>>. Latches may be generated from incomplete case or if statements. We do not recommend the use of latches in FPGA/CPLD designs, as they may lead to timing problems.
WARNING:Xst:737 - Found 1-bit latch for signal <i<1>>. Latches may be generated from incomplete case or if statements. We do not recommend the use of latches in FPGA/CPLD designs, as they may lead to timing problems.
WARNING:Xst:737 - Found 1-bit latch for signal <i<0>>. Latches may be generated from incomplete case or if statements. We do not recommend the use of latches in FPGA/CPLD designs, as they may lead to timing problems.
WARNING:Xst:737 - Found 1-bit latch for signal <i<3>>. Latches may be generated from incomplete case or if statements. We do not recommend the use of latches in FPGA/CPLD designs, as they may lead to timing problems.
    Summary:
	inferred   4 Latch(s).
Unit <decoder_case> synthesized.

=========================================================================
HDL Synthesis Report

Macro Statistics
# Latches                                              : 4
 1-bit latch                                           : 4

=========================================================================

=========================================================================
*                       Advanced HDL Synthesis                          *
=========================================================================

WARNING:Xst:1710 - FF/Latch <i_2> (without init value) has a constant value of 0 in block <decoder_case>. This FF/Latch will be trimmed during the optimization process.
WARNING:Xst:1710 - FF/Latch <i_3> (without init value) has a constant value of 0 in block <decoder_case>. This FF/Latch will be trimmed during the optimization process.

=========================================================================
Advanced HDL Synthesis Report

Found no macro
=========================================================================

=========================================================================
*                         Low Level Synthesis                           *
=========================================================================
WARNING:Xst:1710 - FF/Latch <i_2> (without init value) has a constant value of 0 in block <decoder_case>. This FF/Latch will be trimmed during the optimization process.
WARNING:Xst:1710 - FF/Latch <i_3> (without init value) has a constant value of 0 in block <decoder_case>. This FF/Latch will be trimmed during the optimization process.

Optimizing unit <decoder_case> ...

Mapping all equations...
Building and optimizing final netlist ...
Found area constraint ratio of 100 (+ 5) on block decoder_case, actual ratio is 0.

Final Macro Processing ...

=========================================================================
Final Register Report

Found no macro
=========================================================================

=========================================================================
*                           Partition Report                            *
=========================================================================

Partition Implementation Status
-------------------------------

  No Partitions were found in this design.

-------------------------------

=========================================================================
*                            Design Summary                             *
=========================================================================

Top Level Output File Name         : decoder_case.ngc

Primitive and Black Box Usage:
------------------------------
# BELS                             : 4
#      GND                         : 1
#      INV                         : 1
#      LUT2                        : 2
# FlipFlops/Latches                : 2
#      LD                          : 2
# Clock Buffers                    : 1
#      BUFG                        : 1
# IO Buffers                       : 6
#      IBUF                        : 2
#      OBUF                        : 4

Device utilization summary:
---------------------------

Selected Device : 7a100tcsg324-3 


Slice Logic Utilization: 
 Number of Slice LUTs:                    3  out of  63400     0%  
    Number used as Logic:                 3  out of  63400     0%  

Slice Logic Distribution: 
 Number of LUT Flip Flop pairs used:      3
   Number with an unused Flip Flop:       3  out of      3   100%  
   Number with an unused LUT:             0  out of      3     0%  
   Number of fully used LUT-FF pairs:     0  out of      3     0%  
   Number of unique control sets:         1

IO Utilization: 
 Number of IOs:                           7
 Number of bonded IOBs:                   6  out of    210     2%  
    IOB Flip Flops/Latches:               2

Specific Feature Utilization:
 Number of BUFG/BUFGCTRLs:                1  out of     32     3%  

---------------------------
Partition Resource Summary:
---------------------------

  No Partitions were found in this design.

---------------------------


=========================================================================
Timing Report

NOTE: THESE TIMING NUMBERS ARE ONLY A SYNTHESIS ESTIMATE.
      FOR ACCURATE TIMING INFORMATION PLEASE REFER TO THE TRACE REPORT
      GENERATED AFTER PLACE-and-ROUTE.

Clock Information:
------------------
-----------------------------------+------------------------+-------+
Clock Signal                       | Clock buffer(FF name)  | Load  |
-----------------------------------+------------------------+-------+
a<1>                               | IBUF+BUFG              | 2     |
-----------------------------------+------------------------+-------+

Asynchronous Control Signals Information:
----------------------------------------
No asynchronous control signals found in this design

Timing Summary:
---------------
Speed Grade: -3

   Minimum period: No path found
   Minimum input arrival time before clock: 0.481ns
   Maximum output required time after clock: 0.751ns
   Maximum combinational path delay: No path found

Timing Details:
---------------
All values displayed in nanoseconds (ns)

=========================================================================
Timing constraint: Default OFFSET IN BEFORE for Clock 'a<1>'
  Total number of paths / destination ports: 4 / 2
-------------------------------------------------------------------------
Offset:              0.481ns (Levels of Logic = 2)
  Source:            a<1> (PAD)
  Destination:       i_1 (LATCH)
  Destination Clock: a<1> rising

  Data Path: a<1> to i_1
                                Gate     Net
    Cell:in->out      fanout   Delay   Delay  Logical Name (Net Name)
    ----------------------------------------  ------------
     IBUF:I->O             2   0.001   0.383  a_1_IBUF (a_1_IBUF)
     LUT2:I0->O            1   0.097   0.000  a[1]_GND_1_o_equal_2_o<1>1 (a[1]_GND_1_o_equal_2_o)
     LD:D                     -0.028          i_1
    ----------------------------------------
    Total                      0.481ns (0.098ns logic, 0.383ns route)
                                       (20.4% logic, 79.6% route)

=========================================================================
Timing constraint: Default OFFSET OUT AFTER for Clock 'a<1>'
  Total number of paths / destination ports: 2 / 2
-------------------------------------------------------------------------
Offset:              0.751ns (Levels of Logic = 1)
  Source:            i_1 (LATCH)
  Destination:       i<1> (PAD)
  Source Clock:      a<1> rising

  Data Path: i_1 to i<1>
                                Gate     Net
    Cell:in->out      fanout   Delay   Delay  Logical Name (Net Name)
    ----------------------------------------  ------------
     LD:G->Q               1   0.472   0.279  i_1 (i_1)
     OBUF:I->O                 0.000          i_1_OBUF (i<1>)
    ----------------------------------------
    Total                      0.751ns (0.472ns logic, 0.279ns route)
                                       (62.8% logic, 37.2% route)

=========================================================================

Cross Clock Domains Report:
--------------------------

=========================================================================


Total REAL time to Xst completion: 9.00 secs
Total CPU time to Xst completion: 9.22 secs
 
--> 

Total memory usage is 416056 kilobytes

Number of errors   :    0 (   0 filtered)
Number of warnings :   12 (   0 filtered)
Number of infos    :    0 (   0 filtered)

