
Started : "Simulate Behavioral Model".

Determining files marked for global include in the design...
Running fuse...
Command Line: fuse -intstyle ise -incremental -lib unisims_ver -lib unimacro_ver -lib xilinxcorelib_ver -lib secureip -o C:/Users/kirti/Documents/verilog/newtest/test/test_isim_beh.exe -prj C:/Users/kirti/Documents/verilog/newtest/test/test_beh.prj work.test work.glbl {}
Running: C:\Xilinx\14.2\ISE_DS\ISE\bin\nt64\unwrapped\fuse.exe -intstyle ise -incremental -lib unisims_ver -lib unimacro_ver -lib xilinxcorelib_ver -lib secureip -o C:/Users/kirti/Documents/verilog/newtest/test/test_isim_beh.exe -prj C:/Users/kirti/Documents/verilog/newtest/test/test_beh.prj work.test work.glbl 
ISim P.28xd (signature 0xa0883be4)
Number of CPUs detected in this system: 4
Turning on mult-threading, number of parallel sub-compilation jobs: 8 
Determining compilation order of HDL files
Analyzing Verilog file "C:/Users/kirti/Documents/verilog/newtest/test/test.v" into library work
Analyzing Verilog file "C:/Xilinx/14.2/ISE_DS/ISE//verilog/src/glbl.v" into library work
Starting static elaboration
Completed static elaboration
Compiling module test
Compiling module glbl
Time Resolution for simulation is 1ps.
Waiting for 3 sub-compilation(s) to finish...
Compiled 2 Verilog Units
Built simulation executable C:/Users/kirti/Documents/verilog/newtest/test/test_isim_beh.exe
Fuse Memory Usage: 28024 KB
Fuse CPU Usage: 436 ms
Launching ISim simulation engine GUI...
"C:/Users/kirti/Documents/verilog/newtest/test/test_isim_beh.exe" -intstyle ise -gui -tclbatch isim.cmd  -wdb "C:/Users/kirti/Documents/verilog/newtest/test/test_isim_beh.wdb"
ISim simulation engine GUI launched successfully

Process "Simulate Behavioral Model" completed successfully
