ISim log file
Running: C:\.Xilinx\mux_using_dataflow\mux_using_dataflow_isim_beh.exe -intstyle ise -gui -tclbatch isim.cmd -wdb C:/.Xilinx/mux_using_dataflow/mux_using_dataflow_isim_beh.wdb 
ISim P.28xd (signature 0xa0883be4)
This is a Full version of ISim.
Time resolution is 1 ps
# onerror resume
# wave add /
# run 1000 ns
Simulator is doing circuit initialization process.
Finished circuit initialization process.
# isim force add /mux_using_dataflow/s2 1 -radix bin
# isim force add /mux_using_dataflow/s1 1 -radix bin
# isim force add /mux_using_dataflow/s0 1 -radix bin
# isim force add /mux_using_dataflow/a 1 -radix bin
# isim force add /mux_using_dataflow/b 1 -radix bin
# isim force add /mux_using_dataflow/c 0 -radix bin
# isim force add /mux_using_dataflow/d 0 -radix bin
# isim force add /mux_using_dataflow/e 1 -radix bin
# isim force add /mux_using_dataflow/f 1 -radix bin
# isim force add /mux_using_dataflow/g 1 -radix bin
# isim force add /mux_using_dataflow/h 1 -radix bin
# run 1.00us
