--------------------------------------------------------------------------------
Release 14.2 Trace  (nt64)
Copyright (c) 1995-2012 Xilinx, Inc.  All rights reserved.

C:\Xilinx\14.2\ISE_DS\ISE\bin\nt64\unwrapped\trce.exe -intstyle ise -v 3 -s 4
-n 3 -fastpaths -xml counters.twx counters.ncd -o counters.twr counters.pcf
-ucf counter.ucf

Design file:              counters.ncd
Physical constraint file: counters.pcf
Device,package,speed:     xc3s100e,cp132,-4 (PRODUCTION 1.27 2012-07-09)
Report level:             verbose report

Environment Variable      Effect 
--------------------      ------ 
NONE                      No environment variables were set
--------------------------------------------------------------------------------

INFO:Timing:2698 - No timing constraints found, doing default enumeration.
INFO:Timing:3412 - To improve timing, see the Timing Closure User Guide (UG612).
INFO:Timing:2752 - To get complete path coverage, use the unconstrained paths 
   option. All paths that are not constrained will be reported in the 
   unconstrained paths section(s) of the report.
INFO:Timing:3339 - The clock-to-out numbers in this timing report are based on 
   a 50 Ohm transmission line loading model.  For the details of this model, 
   and for more information on accounting for different loading conditions, 
   please see the device datasheet.
INFO:Timing:3390 - This architecture does not support a default System Jitter 
   value, please add SYSTEM_JITTER constraint to the UCF to modify the Clock 
   Uncertainty calculation.
INFO:Timing:3389 - This architecture does not support 'Discrete Jitter' and 
   'Phase Error' calculations, these terms will be zero in the Clock 
   Uncertainty calculation.  Please make appropriate modification to 
   SYSTEM_JITTER to account for the unsupported Discrete Jitter and Phase 
   Error.



Data Sheet report:
-----------------
All values displayed in nanoseconds (ns)

Clock clk to Pad
------------+------------+------------------+--------+
            | clk (edge) |                  | Clock  |
Destination |   to PAD   |Internal Clock(s) | Phase  |
------------+------------+------------------+--------+
count<0>    |    8.395(F)|clk_BUFGP         |   0.000|
count<1>    |    7.801(F)|clk_BUFGP         |   0.000|
count<2>    |    7.418(F)|clk_BUFGP         |   0.000|
count<3>    |    7.383(F)|clk_BUFGP         |   0.000|
------------+------------+------------------+--------+

Clock to Setup on destination clock clk
---------------+---------+---------+---------+---------+
               | Src:Rise| Src:Fall| Src:Rise| Src:Fall|
Source Clock   |Dest:Rise|Dest:Rise|Dest:Fall|Dest:Fall|
---------------+---------+---------+---------+---------+
clk            |         |         |         |    2.349|
---------------+---------+---------+---------+---------+


Analysis completed Wed May 25 15:53:43 2016 
--------------------------------------------------------------------------------

Trace Settings:
-------------------------
Trace Settings 

Peak Memory Usage: 153 MB



