ISim log file
Running: C:\Users\kirti\Documents\verilog\LFSR\lfsr_isim_beh.exe -intstyle ise -gui -tclbatch isim.cmd -wdb C:/Users/kirti/Documents/verilog/LFSR/lfsr_isim_beh.wdb 
ISim P.28xd (signature 0xa0883be4)
This is a Full version of ISim.
Time resolution is 1 ps
# onerror resume
# wave add /
# run 1000 ns
Simulator is doing circuit initialization process.
Finished circuit initialization process.
# isim force add /lfsr/data 00000000 -radix bin
# isim force add /lfsr/data 00000000 -radix bin
# isim force add /lfsr/clk 1 -radix bin -value 0 -radix bin -time 20 ps -repeat 40 ps
# isim force add /lfsr/clk 1 -radix bin -value 0 -radix bin -time 20 ps -repeat 40 ps
# isim force add /lfsr/rst 1 -radix bin
# isim force add /lfsr/rst 1 -radix bin
# run 1.00us
# isim force add /lfsr/rst 0 -radix bin
# isim force add /lfsr/rst 0 -radix bin
# run 1.00us
# isim force add /lfsr/data 10000000 -radix bin
# isim force add /lfsr/data 10000000 -radix bin
# run 1.00us
# isim force add /lfsr/data 11110000 -radix bin
# isim force add /lfsr/data 11110000 -radix bin
# run 1.00us
# isim force add /lfsr/data 00000000 -radix bin
# isim force add /lfsr/data 00000000 -radix bin
# run 1.00us
