ISim log file
Running: C:\.Xilinx\mux_4\mux_4_isim_beh.exe -intstyle ise -gui -tclbatch isim.cmd -wdb C:/.Xilinx/mux_4/mux_4_isim_beh.wdb 
ISim P.28xd (signature 0xa0883be4)
This is a Full version of ISim.
Time resolution is 1 ps
# onerror resume
# wave add /
# run 1000 ns
Simulator is doing circuit initialization process.
Finished circuit initialization process.
# isim force add /mux_4/in0 1 -radix bin
# isim force add /mux_4/in0 1 -radix bin
# isim force add /mux_4/in1 1 -radix bin
# isim force add /mux_4/in1 1 -radix bin
# isim force add /mux_4/in2 1 -radix bin
# isim force add /mux_4/in2 1 -radix bin
# isim force add /mux_4/in3 1 -radix bin
# isim force add /mux_4/in3 1 -radix bin
# isim force add /mux_4/s0 0 -radix bin
# isim force add /mux_4/s0 0 -radix bin
# isim force add /mux_4/s1 1 -radix bin
# isim force add /mux_4/s1 1 -radix bin
# run 1.00us
# isim force add /mux_4/s0 1 -radix bin
# isim force add /mux_4/s0 1 -radix bin
# run 1.00us
# isim force add /mux_4/s1 0 -radix bin
# isim force add /mux_4/s1 0 -radix bin
# run 1.00us
