Release 14.2 - xst P.28xd (nt64)
Copyright (c) 1995-2012 Xilinx, Inc.  All rights reserved.
--> Parameter TMPDIR set to xst/projnav.tmp


Total REAL time to Xst completion: 0.00 secs
Total CPU time to Xst completion: 0.09 secs
 
--> Parameter xsthdpdir set to xst


Total REAL time to Xst completion: 0.00 secs
Total CPU time to Xst completion: 0.09 secs
 
--> Reading design: piso.prj

TABLE OF CONTENTS
  1) Synthesis Options Summary
  2) HDL Parsing
  3) HDL Elaboration
  4) HDL Synthesis
       4.1) HDL Synthesis Report
  5) Advanced HDL Synthesis
       5.1) Advanced HDL Synthesis Report
  6) Low Level Synthesis
  7) Partition Report
  8) Design Summary
       8.1) Primitive and Black Box Usage
       8.2) Device utilization summary
       8.3) Partition Resource Summary
       8.4) Timing Report
            8.4.1) Clock Information
            8.4.2) Asynchronous Control Signals Information
            8.4.3) Timing Summary
            8.4.4) Timing Details
            8.4.5) Cross Clock Domains Report


=========================================================================
*                      Synthesis Options Summary                        *
=========================================================================
---- Source Parameters
Input File Name                    : "piso.prj"
Ignore Synthesis Constraint File   : NO

---- Target Parameters
Output File Name                   : "piso"
Output Format                      : NGC
Target Device                      : xc7a100t-3-csg324

---- Source Options
Top Module Name                    : piso
Automatic FSM Extraction           : YES
FSM Encoding Algorithm             : Auto
Safe Implementation                : No
FSM Style                          : LUT
RAM Extraction                     : Yes
RAM Style                          : Auto
ROM Extraction                     : Yes
Shift Register Extraction          : YES
ROM Style                          : Auto
Resource Sharing                   : YES
Asynchronous To Synchronous        : NO
Shift Register Minimum Size        : 2
Use DSP Block                      : Auto
Automatic Register Balancing       : No

---- Target Options
LUT Combining                      : Auto
Reduce Control Sets                : Auto
Add IO Buffers                     : YES
Global Maximum Fanout              : 100000
Add Generic Clock Buffer(BUFG)     : 32
Register Duplication               : YES
Optimize Instantiated Primitives   : NO
Use Clock Enable                   : Auto
Use Synchronous Set                : Auto
Use Synchronous Reset              : Auto
Pack IO Registers into IOBs        : Auto
Equivalent register Removal        : YES

---- General Options
Optimization Goal                  : Speed
Optimization Effort                : 1
Power Reduction                    : NO
Keep Hierarchy                     : No
Netlist Hierarchy                  : As_Optimized
RTL Output                         : Yes
Global Optimization                : AllClockNets
Read Cores                         : YES
Write Timing Constraints           : NO
Cross Clock Analysis               : NO
Hierarchy Separator                : /
Bus Delimiter                      : <>
Case Specifier                     : Maintain
Slice Utilization Ratio            : 100
BRAM Utilization Ratio             : 100
DSP48 Utilization Ratio            : 100
Auto BRAM Packing                  : NO
Slice Utilization Ratio Delta      : 5

=========================================================================


=========================================================================
*                          HDL Parsing                                  *
=========================================================================
Analyzing Verilog file "C:\.Xilinx\piso\piso.v" into library work
Parsing module <piso>.

=========================================================================
*                            HDL Elaboration                            *
=========================================================================

Elaborating module <piso>.

=========================================================================
*                           HDL Synthesis                               *
=========================================================================

Synthesizing Unit <piso>.
    Related source file is "C:\.Xilinx\piso\piso.v".
    Found 4-bit register for signal <temp>.
    Found 1-bit register for signal <q>.
    Summary:
	inferred   5 D-type flip-flop(s).
	inferred   1 Multiplexer(s).
Unit <piso> synthesized.

=========================================================================
HDL Synthesis Report

Macro Statistics
# Registers                                            : 2
 1-bit register                                        : 1
 4-bit register                                        : 1
# Multiplexers                                         : 1
 4-bit 2-to-1 multiplexer                              : 1

=========================================================================

=========================================================================
*                       Advanced HDL Synthesis                          *
=========================================================================


=========================================================================
Advanced HDL Synthesis Report

Macro Statistics
# Registers                                            : 5
 Flip-Flops                                            : 5
# Multiplexers                                         : 1
 4-bit 2-to-1 multiplexer                              : 1

=========================================================================

=========================================================================
*                         Low Level Synthesis                           *
=========================================================================

Optimizing unit <piso> ...

Mapping all equations...
Building and optimizing final netlist ...
Found area constraint ratio of 100 (+ 5) on block piso, actual ratio is 0.

Final Macro Processing ...

=========================================================================
Final Register Report

Macro Statistics
# Registers                                            : 5
 Flip-Flops                                            : 5

=========================================================================

=========================================================================
*                           Partition Report                            *
=========================================================================

Partition Implementation Status
-------------------------------

  No Partitions were found in this design.

-------------------------------

=========================================================================
*                            Design Summary                             *
=========================================================================

Top Level Output File Name         : piso.ngc

Primitive and Black Box Usage:
------------------------------
# BELS                             : 5
#      LUT2                        : 2
#      LUT3                        : 3
# FlipFlops/Latches                : 5
#      FD                          : 5
# Clock Buffers                    : 1
#      BUFGP                       : 1
# IO Buffers                       : 6
#      IBUF                        : 5
#      OBUF                        : 1

Device utilization summary:
---------------------------

Selected Device : 7a100tcsg324-3 


Slice Logic Utilization: 
 Number of Slice Registers:               5  out of  126800     0%  
 Number of Slice LUTs:                    5  out of  63400     0%  
    Number used as Logic:                 5  out of  63400     0%  

Slice Logic Distribution: 
 Number of LUT Flip Flop pairs used:     10
   Number with an unused Flip Flop:       5  out of     10    50%  
   Number with an unused LUT:             5  out of     10    50%  
   Number of fully used LUT-FF pairs:     0  out of     10     0%  
   Number of unique control sets:         1

IO Utilization: 
 Number of IOs:                           7
 Number of bonded IOBs:                   7  out of    210     3%  

Specific Feature Utilization:
 Number of BUFG/BUFGCTRLs:                1  out of     32     3%  

---------------------------
Partition Resource Summary:
---------------------------

  No Partitions were found in this design.

---------------------------


=========================================================================
Timing Report

NOTE: THESE TIMING NUMBERS ARE ONLY A SYNTHESIS ESTIMATE.
      FOR ACCURATE TIMING INFORMATION PLEASE REFER TO THE TRACE REPORT
      GENERATED AFTER PLACE-and-ROUTE.

Clock Information:
------------------
-----------------------------------+------------------------+-------+
Clock Signal                       | Clock buffer(FF name)  | Load  |
-----------------------------------+------------------------+-------+
clk                                | BUFGP                  | 5     |
-----------------------------------+------------------------+-------+

Asynchronous Control Signals Information:
----------------------------------------
No asynchronous control signals found in this design

Timing Summary:
---------------
Speed Grade: -3

   Minimum period: 0.761ns (Maximum Frequency: 1313.543MHz)
   Minimum input arrival time before clock: 0.617ns
   Maximum output required time after clock: 0.640ns
   Maximum combinational path delay: No path found

Timing Details:
---------------
All values displayed in nanoseconds (ns)

=========================================================================
Timing constraint: Default period analysis for Clock 'clk'
  Clock period: 0.761ns (frequency: 1313.543MHz)
  Total number of paths / destination ports: 4 / 4
-------------------------------------------------------------------------
Delay:               0.761ns (Levels of Logic = 1)
  Source:            temp_1 (FF)
  Destination:       temp_0 (FF)
  Source Clock:      clk rising
  Destination Clock: clk rising

  Data Path: temp_1 to temp_0
                                Gate     Net
    Cell:in->out      fanout   Delay   Delay  Logical Name (Net Name)
    ----------------------------------------  ------------
     FD:C->Q               1   0.361   0.295  temp_1 (temp_1)
     LUT3:I2->O            1   0.097   0.000  Mmux_GND_1_o_a[3]_mux_2_OUT11 (GND_1_o_a[3]_mux_2_OUT<0>)
     FD:D                      0.008          temp_0
    ----------------------------------------
    Total                      0.761ns (0.466ns logic, 0.295ns route)
                                       (61.2% logic, 38.8% route)

=========================================================================
Timing constraint: Default OFFSET IN BEFORE for Clock 'clk'
  Total number of paths / destination ports: 9 / 5
-------------------------------------------------------------------------
Offset:              0.617ns (Levels of Logic = 2)
  Source:            a<0> (PAD)
  Destination:       temp_0 (FF)
  Destination Clock: clk rising

  Data Path: a<0> to temp_0
                                Gate     Net
    Cell:in->out      fanout   Delay   Delay  Logical Name (Net Name)
    ----------------------------------------  ------------
     IBUF:I->O             1   0.001   0.511  a_0_IBUF (a_0_IBUF)
     LUT3:I0->O            1   0.097   0.000  Mmux_GND_1_o_a[3]_mux_2_OUT11 (GND_1_o_a[3]_mux_2_OUT<0>)
     FD:D                      0.008          temp_0
    ----------------------------------------
    Total                      0.617ns (0.106ns logic, 0.511ns route)
                                       (17.2% logic, 82.8% route)

=========================================================================
Timing constraint: Default OFFSET OUT AFTER for Clock 'clk'
  Total number of paths / destination ports: 1 / 1
-------------------------------------------------------------------------
Offset:              0.640ns (Levels of Logic = 1)
  Source:            q (FF)
  Destination:       q (PAD)
  Source Clock:      clk rising

  Data Path: q to q
                                Gate     Net
    Cell:in->out      fanout   Delay   Delay  Logical Name (Net Name)
    ----------------------------------------  ------------
     FD:C->Q               1   0.361   0.279  q (q_OBUF)
     OBUF:I->O                 0.000          q_OBUF (q)
    ----------------------------------------
    Total                      0.640ns (0.361ns logic, 0.279ns route)
                                       (56.4% logic, 43.6% route)

=========================================================================

Cross Clock Domains Report:
--------------------------

Clock to Setup on destination clock clk
---------------+---------+---------+---------+---------+
               | Src:Rise| Src:Fall| Src:Rise| Src:Fall|
Source Clock   |Dest:Rise|Dest:Rise|Dest:Fall|Dest:Fall|
---------------+---------+---------+---------+---------+
clk            |    0.761|         |         |         |
---------------+---------+---------+---------+---------+

=========================================================================


Total REAL time to Xst completion: 10.00 secs
Total CPU time to Xst completion: 10.14 secs
 
--> 

Total memory usage is 442872 kilobytes

Number of errors   :    0 (   0 filtered)
Number of warnings :    0 (   0 filtered)
Number of infos    :    0 (   0 filtered)

