ISim log file
Running: C:\Users\kirti\Documents\verilog\upcounter\upcounter_isim_beh.exe -intstyle ise -gui -tclbatch isim.cmd -wdb C:/Users/kirti/Documents/verilog/upcounter/upcounter_isim_beh.wdb 
ISim P.28xd (signature 0xa0883be4)
This is a Full version of ISim.
Time resolution is 1 ps
# onerror resume
# wave add /
# run 1000 ns
Simulator is doing circuit initialization process.
Finished circuit initialization process.
# isim force add /upcounter/rst 1 -radix bin
# isim force add /upcounter/clk 0 -radix bin -value 0 -radix bin -time 20 ps -repeat 40 ps
# isim force add /upcounter/clk 0 -radix bin -value 0 -radix bin -time 20 ps -repeat 40 ps
# run 1.00us
# isim force add /upcounter/clk 0 -radix bin -value 1 -radix bin -time 25 ps -repeat 50 ps
# isim force add /upcounter/clk 0 -radix bin -value 1 -radix bin -time 25 ps -repeat 50 ps
# run 1.00us
# isim force add /upcounter/rst 0 -radix bin
# isim force add /upcounter/rst 0 -radix bin
# run 1.00us
# isim force add /upcounter/clk 0 -radix bin -value 1 -radix bin -time 250 ps -repeat 500 ps
# isim force add /upcounter/clk 0 -radix bin -value 1 -radix bin -time 250 ps -repeat 500 ps
# run 1.00us
# isim force add /upcounter/clk 0 -radix bin -value 1 -radix bin -time 500 ps -repeat 1 ns
# isim force add /upcounter/clk 0 -radix bin -value 1 -radix bin -time 500 ps -repeat 1 ns
# run 1.00us
# isim force add /upcounter/clk 0 -radix bin -value 1 -radix bin -time 2500 ps -repeat 5 ns
# isim force add /upcounter/clk 0 -radix bin -value 1 -radix bin -time 2500 ps -repeat 5 ns
# run 1.00us
# isim force add /upcounter/clk 0 -radix bin -value 1 -radix bin -time 128 ps -repeat 256 ps
# isim force add /upcounter/clk 0 -radix bin -value 1 -radix bin -time 128 ps -repeat 256 ps
# isim force add /upcounter/clk 0 -radix bin -value 1 -radix bin -time 128 ps -repeat 256 ps
# run 1.00us
# isim force add /upcounter/clk 0 -radix bin -value 1 -radix bin -time 512 ps -repeat 1024 ps
# isim force add /upcounter/clk 0 -radix bin -value 1 -radix bin -time 512 ps -repeat 1024 ps
# run 1.00us
